mode: set
github.com/pfremaux/golibs/files/cmd/main.go:10.13,15.16 4 0
github.com/pfremaux/golibs/files/cmd/main.go:15.16,18.3 2 0
github.com/pfremaux/golibs/files/cmd/main.go:19.2,19.25 1 0
github.com/pfremaux/golibs/files/cmd/main.go:19.25,21.3 1 0
github.com/pfremaux/golibs/files/pkg/files/files.go:9.50,10.51 1 1
github.com/pfremaux/golibs/files/pkg/files/files.go:10.51,12.3 1 1
github.com/pfremaux/golibs/files/pkg/files/files.go:13.2,13.42 1 1
github.com/pfremaux/golibs/files/pkg/files/files.go:16.46,18.24 2 1
github.com/pfremaux/golibs/files/pkg/files/files.go:18.24,20.3 1 1
github.com/pfremaux/golibs/files/pkg/files/files.go:21.2,21.19 1 1
github.com/pfremaux/golibs/files/pkg/files/files.go:21.19,23.3 1 0
github.com/pfremaux/golibs/files/pkg/files/files.go:24.2,24.12 1 1
github.com/pfremaux/golibs/files/pkg/files/files.go:27.95,29.29 2 1
github.com/pfremaux/golibs/files/pkg/files/files.go:29.29,31.3 1 0
github.com/pfremaux/golibs/files/pkg/files/files.go:33.2,34.16 2 1
github.com/pfremaux/golibs/files/pkg/files/files.go:34.16,36.3 1 0
github.com/pfremaux/golibs/files/pkg/files/files.go:38.2,38.32 1 1
github.com/pfremaux/golibs/files/pkg/files/files.go:38.32,40.20 2 1
github.com/pfremaux/golibs/files/pkg/files/files.go:40.20,44.18 2 1
github.com/pfremaux/golibs/files/pkg/files/files.go:44.18,46.5 1 0
github.com/pfremaux/golibs/files/pkg/files/files.go:47.4,47.46 1 1
github.com/pfremaux/golibs/files/pkg/files/files.go:49.9,52.4 1 1
github.com/pfremaux/golibs/files/pkg/files/files.go:54.2,54.19 1 1
github.com/pfremaux/golibs/files/pkg/files/files.go:57.42,58.49 1 0
github.com/pfremaux/golibs/files/pkg/files/files.go:58.49,60.17 2 0
github.com/pfremaux/golibs/files/pkg/files/files.go:60.17,62.4 1 0
github.com/pfremaux/golibs/files/pkg/files/files.go:64.2,64.12 1 0
github.com/pfremaux/golibs/files/pkg/files/files.go:67.34,69.50 1 0
github.com/pfremaux/golibs/files/pkg/files/files.go:69.50,71.3 1 0
